2026-03-28 23:36:27.404 | ERROR    | core.detector:_load_model:121 — Failed to load YOLO model from C:\Users\HP\OneDrive\Desktop\women-safety-product\models\yolov8n-pose.pt.
Traceback (most recent call last):
  File "C:\Users\HP\OneDrive\Desktop\women-safety-product\main.py", line 623, in <module>
    code = run(args)
  File "C:\Users\HP\OneDrive\Desktop\women-safety-product\main.py", line 388, in run
    detector = Detector(skip_frames=init_skip)
  File "C:\Users\HP\OneDrive\Desktop\women-safety-product\core\detector.py", line 97, in __init__
    self._load_model()
> File "C:\Users\HP\OneDrive\Desktop\women-safety-product\core\detector.py", line 112, in _load_model
    self._model.predict(
  File "C:\Users\HP\OneDrive\Desktop\women-safety-product\.venv\lib\site-packages\ultralytics\engine\model.py", line 529, in predict
    self.predictor.setup_model(model=self.model, verbose=is_cli)
  File "C:\Users\HP\OneDrive\Desktop\women-safety-product\.venv\lib\site-packages\ultralytics\engine\predictor.py", line 401, in setup_model
    device=select_device(self.args.device, verbose=verbose),
  File "C:\Users\HP\OneDrive\Desktop\women-safety-product\.venv\lib\site-packages\ultralytics\utils\torch_utils.py", line 230, in select_device
    raise ValueError(
ValueError: Invalid CUDA 'device=0' requested. Use 'device=cpu' or pass valid CUDA device(s) if available, i.e. 'device=0' or 'device=0,1,2,3' for Multi-GPU.

torch.cuda.is_available(): False
torch.cuda.device_count(): 0
os.environ['CUDA_VISIBLE_DEVICES']: None
See https://pytorch.org/get-started/locally/ for up-to-date torch install instructions if no CUDA devices are seen by torch.

2026-03-28 23:36:27.491 | ERROR    | __main__:run:419 — Pipeline init failed. Aborting.
Traceback (most recent call last):
  File "C:\Users\HP\OneDrive\Desktop\women-safety-product\main.py", line 623, in <module>
    code = run(args)
> File "C:\Users\HP\OneDrive\Desktop\women-safety-product\main.py", line 388, in run
    detector = Detector(skip_frames=init_skip)
  File "C:\Users\HP\OneDrive\Desktop\women-safety-product\core\detector.py", line 97, in __init__
    self._load_model()
  File "C:\Users\HP\OneDrive\Desktop\women-safety-product\core\detector.py", line 112, in _load_model
    self._model.predict(
  File "C:\Users\HP\OneDrive\Desktop\women-safety-product\.venv\lib\site-packages\ultralytics\engine\model.py", line 529, in predict
    self.predictor.setup_model(model=self.model, verbose=is_cli)
  File "C:\Users\HP\OneDrive\Desktop\women-safety-product\.venv\lib\site-packages\ultralytics\engine\predictor.py", line 401, in setup_model
    device=select_device(self.args.device, verbose=verbose),
  File "C:\Users\HP\OneDrive\Desktop\women-safety-product\.venv\lib\site-packages\ultralytics\utils\torch_utils.py", line 230, in select_device
    raise ValueError(
ValueError: Invalid CUDA 'device=0' requested. Use 'device=cpu' or pass valid CUDA device(s) if available, i.e. 'device=0' or 'device=0,1,2,3' for Multi-GPU.

torch.cuda.is_available(): False
torch.cuda.device_count(): 0
os.environ['CUDA_VISIBLE_DEVICES']: None
See https://pytorch.org/get-started/locally/ for up-to-date torch install instructions if no CUDA devices are seen by torch.

