2026-04-16 00:02:26.315 | INFO     | utils.logger:setup_logging:107 — Logging initialised | level=DEBUG | dir=C:\Users\HP\OneDrive\Desktop\women-safety-product\logs | rotation=10 MB | retention=7 days
2026-04-16 00:02:26.319 | INFO     | __main__:run:337 — ================================================================
2026-04-16 00:02:26.319 | INFO     | __main__:run:338 —   Women Safety Product — Production Pipeline (Days 1–5)
2026-04-16 00:02:26.319 | INFO     | __main__:run:339 — ================================================================
2026-04-16 00:02:26.320 | INFO     | __main__:run:340 — ============================================================
  Women Safety Product — Active Configuration
============================================================
  PROJECT_ROOT                        C:\Users\HP\OneDrive\Desktop\women-safety-product
  CAMERA_SOURCE                       0
  CAMERA_WIDTH                        640
  CAMERA_HEIGHT                       480
  CAMERA_FPS                          30
  CAMERA_RECONNECT_DELAY              3
  CAMERA_MAX_RECONNECT                10
  MODEL_PATH                          models/yolov8n-pose.pt
  MODEL_CONFIDENCE                    0.55
  MODEL_IOU                           0.5
  MODEL_DEVICE                        cpu
  MODEL_IMGSZ                         640
  EXPORT_ONNX                         False
  TRACKER_CONFIG                      botsort.yaml
  TRACKER_PERSIST                     True
  THREAT_MODEL_PATH                   models/threat_xgb.json
  THREAT_LOW                          0.22
  THREAT_MEDIUM                       0.44
  THREAT_HIGH                         0.62
  THREAT_SUSTAINED_FRAMES             8
  THREAT_MIN_GROUP_SIZE               2
  ENABLE_INTERACTION_ANALYSIS         True
  INTERACTION_DISTANCE_THRESHOLD      0.25
  INTERACTION_BOOST_MAX               0.25
  ALERT_EMAIL_ENABLED                 False
  ALERT_EMAIL_SMTP                    smtp.gmail.com
  ALERT_EMAIL_PORT                    587
  ALERT_EMAIL_SENDER                  your@gmail.com
  ALERT_EMAIL_PASSWORD                ***
  ALERT_EMAIL_RECEIVER                emergency@example.com
  ALERT_SOUND_ENABLED                 True
  ALERT_COOLDOWN                      60
  LOCATION_GOOGLE_API_KEY             ***
  LOCATION_IP_FALLBACK                True
  COORDINATOR_URL                     http://localhost:8000
  EDGE_OFFLINE_MODE                   False
  DASHBOARD_PORT                      8501
  DASHBOARD_REFRESH_MS                100
  LOG_MAX_ROWS                        200
  LOG_LEVEL                           DEBUG
  LOG_DIR                             logs
  LOG_ROTATION                        10 MB
  LOG_RETENTION                       7 days
============================================================
2026-04-16 00:02:26.322 | INFO     | __main__:run:388 — Initialising camera (source=http://192.168.1.158:8080/video)…
2026-04-16 00:02:26.323 | INFO     | core.camera:__init__:79 — Camera created | source=http://192.168.1.158:8080/video | 640x480 @ 30fps
2026-04-16 00:02:26.324 | DEBUG    | core.camera:_open:157 — Opening camera source: http://192.168.1.158:8080/video
2026-04-16 00:02:26.325 | INFO     | core.camera:_open:161 — Applying low-latency FFMPEG optimisations for URL source.
2026-04-16 00:02:26.474 | INFO     | core.camera:_open:188 — Camera opened | actual 1280x720 @ 25.0fps
2026-04-16 00:02:26.476 | DEBUG    | core.camera:_reader_loop:216 — Camera reader loop entered.
2026-04-16 00:02:26.476 | INFO     | core.camera:start:102 — Camera reader thread started.
2026-04-16 00:02:26.988 | INFO     | __main__:run:409 — Frame resolution: 1280×720
2026-04-16 00:02:26.988 | INFO     | __main__:run:415 — Initialising Detector (skip=0)…
2026-04-16 00:02:26.989 | INFO     | core.detector:_load_model:118 — Loading YOLO model from: C:\Users\HP\OneDrive\Desktop\women-safety-product\models\yolov8n-pose.pt
2026-04-16 00:02:27.330 | INFO     | core.detector:_load_model:132 — YOLO model loaded and warmed up. Device: cpu (FP16: False)
2026-04-16 00:02:27.330 | INFO     | __main__:run:418 — Initialising TrackManager…
2026-04-16 00:02:27.331 | INFO     | core.tracker:__init__:179 — TrackManager initialised.
2026-04-16 00:02:27.331 | INFO     | __main__:run:421 — Initialising ThreatEngine (1280×720)…
2026-04-16 00:02:27.332 | INFO     | core.features:__init__:115 — FeatureExtractor ready | 1280x720 | diag=1468.6px | features=20
2026-04-16 00:02:29.674 | SUCCESS  | core.threat:_load_xgb_model:139 — XGBoost model loaded from C:\Users\HP\OneDrive\Desktop\women-safety-product\models\threat_xgb.json.
2026-04-16 00:02:29.675 | INFO     | core.threat:__init__:112 — ThreatEngine ready | xgb=True | diag=1469px | thresholds=(0.22,0.44,0.62) | sustained=8
2026-04-16 00:02:29.675 | INFO     | __main__:run:424 — Initialising AlertDispatcher…
2026-04-16 00:02:29.676 | INFO     | utils.alerts:__init__:115 — AlertDispatcher ready | email=False | sound=True | cooldown=60s
2026-04-16 00:02:29.676 | INFO     | __main__:run:427 — Initialising MultiChannelAlerter (Twilio/AT)…
2026-04-16 00:02:29.679 | ERROR    | utils.twilio_alerts:_init_client:101 — twilio package not installed. Run: pip install twilio
2026-04-16 00:02:29.679 | INFO     | __main__:run:430 — Initialising LocationProvider…
2026-04-16 00:02:29.679 | INFO     | utils.location:__init__:99 — LocationProvider | google=False | ip_fallback=True | ttl=300s
2026-04-16 00:02:29.680 | DEBUG    | utils.location:_refresh_loop:156 — Location refresh loop: interval=150s
2026-04-16 00:02:29.680 | INFO     | utils.location:start_background_refresh:138 — Location background refresh thread started.
2026-04-16 00:02:30.312 | INFO     | __main__:run:434 — Location: Kolkata, West Bengal, India (22.5643°, 88.3693°)
2026-04-16 00:02:30.313 | INFO     | utils.performance:__init__:207 — FrameSkipTuner | target=25.0fps ±2.0 window=30 init_skip=0
2026-04-16 00:02:34.348 | INFO     | __main__:run:475 — Pipeline ready | auto_tuner=True | target_fps=25.0 | device=cpu
2026-04-16 00:02:34.348 | INFO     | __main__:run:479 — Controls: q=quit  s=snapshot  p=pause  +=skip+  -=skip-
2026-04-16 00:02:34.506 | DEBUG    | core.detector:detect:204 — Frame 1 | 0 persons | inference 156.0ms
2026-04-16 00:02:44.737 | DEBUG    | core.detector:detect:204 — Frame 2 | 0 persons | inference 110.0ms
2026-04-16 00:02:50.992 | DEBUG    | core.detector:detect:204 — Frame 3 | 0 persons | inference 141.0ms
2026-04-16 00:02:57.254 | DEBUG    | core.detector:detect:204 — Frame 4 | 0 persons | inference 156.0ms
2026-04-16 00:03:03.520 | DEBUG    | core.detector:detect:204 — Frame 5 | 0 persons | inference 172.0ms
2026-04-16 00:03:09.742 | DEBUG    | core.detector:detect:204 — Frame 6 | 0 persons | inference 125.0ms
2026-04-16 00:03:20.027 | DEBUG    | core.detector:detect:204 — Frame 7 | 0 persons | inference 156.0ms
2026-04-16 00:03:26.260 | DEBUG    | core.detector:detect:204 — Frame 8 | 0 persons | inference 140.0ms
2026-04-16 00:03:32.506 | DEBUG    | core.detector:detect:204 — Frame 9 | 0 persons | inference 140.0ms
2026-04-16 00:03:38.704 | DEBUG    | core.detector:detect:204 — Frame 10 | 0 persons | inference 94.0ms
2026-04-16 00:03:42.769 | INFO     | utils.performance:tick:248 — FrameSkipTuner ▲ increased skip 0→1 | fps=0.4 target=25.0
2026-04-16 00:03:55.028 | DEBUG    | core.detector:detect:204 — Frame 12 | 0 persons | inference 94.0ms
2026-04-16 00:04:07.378 | DEBUG    | core.detector:detect:204 — Frame 14 | 0 persons | inference 140.0ms
2026-04-16 00:04:19.741 | DEBUG    | core.detector:detect:204 — Frame 16 | 0 persons | inference 156.0ms
2026-04-16 00:04:23.753 | WARNING  | __main__:_signal_handler:89 — Signal 2 — graceful shutdown requested.
2026-04-16 00:04:25.788 | INFO     | __main__:run:683 — Pipeline shutting down…
2026-04-16 00:04:25.788 | INFO     | core.camera:stop:107 — Camera stopping…
2026-04-16 00:04:25.811 | DEBUG    | core.camera:_reader_loop:272 — Camera reader loop exited.
2026-04-16 00:04:25.814 | INFO     | core.camera:stop:112 — Camera stopped. Total frames captured: 2630
2026-04-16 00:04:25.815 | INFO     | utils.location:stop:145 — LocationProvider stopped.
2026-04-16 00:04:25.817 | INFO     | __main__:run:695 — Session complete | frames=46 | avg_fps=0.43 | avg_inf=140.3ms | p95=156.0ms | tracks_total=0 | reconnects=0 | alerts=0
2026-04-16 00:04:25.818 | INFO     | __main__:run:706 — FrameSkipTuner | final_skip=1 | adjustments=1
